This is pdfTeX, Version 3.1415926-2.3-1.40.12 (MiKTeX 2.9) (preloaded format=pdflatex 2012.8.23)  28 MAY 2014 15:54
entering extended mode
**ezeShaderSuiteDocs.tex

("C:\Users\Ezequiel Mastrasso\git\ezeShaderSuite\ezeDelight\ezeDelightDocumenta
tion\ezeShaderSuiteDocs.tex"
LaTeX2e <2011/06/27>
Babel <v3.8m> and hyphenation patterns for english, afrikaans, ancientgreek, ar
abic, armenian, assamese, basque, bengali, bokmal, bulgarian, catalan, coptic, 
croatian, czech, danish, dutch, esperanto, estonian, farsi, finnish, french, ga
lician, german, german-x-2009-06-19, greek, gujarati, hindi, hungarian, iceland
ic, indonesian, interlingua, irish, italian, kannada, kurmanji, lao, latin, lat
vian, lithuanian, malayalam, marathi, mongolian, mongolianlmc, monogreek, ngerm
an, ngerman-x-2009-06-19, nynorsk, oriya, panjabi, pinyin, polish, portuguese, 
romanian, russian, sanskrit, serbian, slovak, slovenian, spanish, swedish, swis
sgerman, tamil, telugu, turkish, turkmen, ukenglish, ukrainian, uppersorbian, u
senglishmax, welsh, loaded.
("C:\Program Files (x86)\MiKTeX 2.9\tex\latex\base\report.cls"
Document Class: report 2007/10/19 v1.4h Standard LaTeX document class
("C:\Program Files (x86)\MiKTeX 2.9\tex\latex\base\size12.clo"
File: size12.clo 2007/10/19 v1.4h Standard LaTeX file (size option)
)
\c@part=\count79
\c@chapter=\count80
\c@section=\count81
\c@subsection=\count82
\c@subsubsection=\count83
\c@paragraph=\count84
\c@subparagraph=\count85
\c@figure=\count86
\c@table=\count87
\abovecaptionskip=\skip41
\belowcaptionskip=\skip42
\bibindent=\dimen102
)
("C:\Program Files (x86)\MiKTeX 2.9\tex\latex\graphics\graphicx.sty"
Package: graphicx 1999/02/16 v1.0f Enhanced LaTeX Graphics (DPC,SPQR)

("C:\Program Files (x86)\MiKTeX 2.9\tex\latex\graphics\keyval.sty"
Package: keyval 1999/03/16 v1.13 key=value parser (DPC)
\KV@toks@=\toks14
)
("C:\Program Files (x86)\MiKTeX 2.9\tex\latex\graphics\graphics.sty"
Package: graphics 2009/02/05 v1.0o Standard LaTeX Graphics (DPC,SPQR)

("C:\Program Files (x86)\MiKTeX 2.9\tex\latex\graphics\trig.sty"
Package: trig 1999/03/16 v1.09 sin cos tan (DPC)
)
("C:\Program Files (x86)\MiKTeX 2.9\tex\latex\00miktex\graphics.cfg"
File: graphics.cfg 2007/01/18 v1.5 graphics configuration of teTeX/TeXLive
)
Package graphics Info: Driver file: pdftex.def on input line 91.

("C:\Program Files (x86)\MiKTeX 2.9\tex\latex\pdftex-def\pdftex.def"
File: pdftex.def 2011/05/27 v0.06d Graphics/color for pdfTeX

("C:\Program Files (x86)\MiKTeX 2.9\tex\generic\oberdiek\infwarerr.sty"
Package: infwarerr 2010/04/08 v1.3 Providing info/warning/error messages (HO)
)
("C:\Program Files (x86)\MiKTeX 2.9\tex\generic\oberdiek\ltxcmds.sty"
Package: ltxcmds 2011/11/09 v1.22 LaTeX kernel commands for general use (HO)
)
\Gread@gobject=\count88
))
\Gin@req@height=\dimen103
\Gin@req@width=\dimen104
)
("C:\Users\Ezequiel Mastrasso\git\ezeShaderSuite\ezeDelight\ezeDelightDocumenta
tion\ezeShaderSuiteDocs.aux")
LaTeX Font Info:    Checking defaults for OML/cmm/m/it on input line 9.
LaTeX Font Info:    ... okay on input line 9.
LaTeX Font Info:    Checking defaults for T1/cmr/m/n on input line 9.
LaTeX Font Info:    ... okay on input line 9.
LaTeX Font Info:    Checking defaults for OT1/cmr/m/n on input line 9.
LaTeX Font Info:    ... okay on input line 9.
LaTeX Font Info:    Checking defaults for OMS/cmsy/m/n on input line 9.
LaTeX Font Info:    ... okay on input line 9.
LaTeX Font Info:    Checking defaults for OMX/cmex/m/n on input line 9.
LaTeX Font Info:    ... okay on input line 9.
LaTeX Font Info:    Checking defaults for U/cmr/m/n on input line 9.
LaTeX Font Info:    ... okay on input line 9.

("C:\Program Files (x86)\MiKTeX 2.9\tex\context\base\supp-pdf.mkii"
[Loading MPS to PDF converter (version 2006.09.02).]
\scratchcounter=\count89
\scratchdimen=\dimen105
\scratchbox=\box26
\nofMPsegments=\count90
\nofMParguments=\count91
\everyMPshowfont=\toks15
\MPscratchCnt=\count92
\MPscratchDim=\dimen106
\MPnumerator=\count93
\makeMPintoPDFobject=\count94
\everyMPtoPDFconversion=\toks16
) <shadersDocumentationImages/ezeCover.jpg, id=1, 1505.625pt x 1907.125pt>
File: shadersDocumentationImages/ezeCover.jpg Graphic file (type jpg)

<use shadersDocumentationImages/ezeCover.jpg>
Package pdftex.def Info: shadersDocumentationImages/ezeCover.jpg used on input 
line 13.
(pdftex.def)             Requested size: 632.3582pt x 800.98705pt.
 [1

{C:/ProgramData/MiKTeX/2.9/pdftex/config/pdftex.map} <C:/Users/Ezequiel Mastras
so/git/ezeShaderSuite/ezeDelight/ezeDelightDocumentation/shadersDocumentationIm
ages/ezeCover.jpg>]
("C:\Users\Ezequiel Mastrasso\git\ezeShaderSuite\ezeDelight\ezeDelightDocumenta
tion\ezeShaderSuiteDocs.toc"
LaTeX Font Info:    External font `cmex10' loaded for size
(Font)              <12> on input line 2.
LaTeX Font Info:    External font `cmex10' loaded for size
(Font)              <8> on input line 2.
LaTeX Font Info:    External font `cmex10' loaded for size
(Font)              <6> on input line 2.
 [2

])
\tf@toc=\write3
 [3]
 1.

<shadersDocumentationImages/chinchilla_02.jpg, id=14, 1611.01875pt x 1177.39874
pt>
File: shadersDocumentationImages/chinchilla_02.jpg Graphic file (type jpg)
 <use shadersDocumentationImages/chinchilla_02.jpg>
Package pdftex.def Info: shadersDocumentationImages/chinchilla_02.jpg used on i
nput line 23.
(pdftex.def)             Requested size: 434.98088pt x 317.9019pt.
 [4

 <C:/Users/Ezequiel Mastrasso/git/ezeShaderSuite/ezeDelight/ezeDelightDocumenta
tion/shadersDocumentationImages/chinchilla_02.jpg>]
<shadersDocumentationImages/ezeWhatsAbout.jpg, id=18, 1505.625pt x 973.6375pt>
File: shadersDocumentationImages/ezeWhatsAbout.jpg Graphic file (type jpg)

<use shadersDocumentationImages/ezeWhatsAbout.jpg>
Package pdftex.def Info: shadersDocumentationImages/ezeWhatsAbout.jpg used on i
nput line 34.
(pdftex.def)             Requested size: 436.62007pt x 282.34764pt.

Underfull \hbox (badness 10000) in paragraph at lines 47--53

 []

[5 <C:/Users/Ezequiel Mastrasso/git/ezeShaderSuite/ezeDelight/ezeDelightDocumen
tation/shadersDocumentationImages/ezeWhatsAbout.jpg>]
Underfull \hbox (badness 10000) in paragraph at lines 56--59

 []


Overfull \hbox (47.56854pt too wide) in paragraph at lines 56--59
\OT1/cmr/m/n/12 In di-rec-tory, sup-ply your $3DE-LIGHT/maya/rsl di-rec-tory, w
here global[]illumination.h
 []

[6]
 2.

<shadersDocumentationImages/ezeHairParams.jpg, id=25, 1388.18625pt x 982.67125p
t>
File: shadersDocumentationImages/ezeHairParams.jpg Graphic file (type jpg)
 <use shadersDocumentationImages/ezeHairParams.jpg>
Package pdftex.def Info: shadersDocumentationImages/ezeHairParams.jpg used on i
nput line 64.
(pdftex.def)             Requested size: 444.22868pt x 314.46123pt.
Missing character: There is no ‚ in font cmr12!
Missing character: There is no Ä in font cmr12!
Missing character: There is no ú in font cmr12!
Missing character: There is no ‚ in font cmr12!
Missing character: There is no Ä in font cmr12!
Missing character: There is no ù in font cmr12!

Underfull \vbox (badness 10000) has occurred while \output is active []

 [7

 <C:/Users/Ezequiel Mastrasso/git/ezeShaderSuite/ezeDelight/ezeDelightDocumenta
tion/shadersDocumentationImages/ezeHairParams.jpg>]
<shadersDocumentationImages/ezeHairDiffuse.jpg, id=30, 1053.9375pt x 709.65125p
t>
File: shadersDocumentationImages/ezeHairDiffuse.jpg Graphic file (type jpg)
 <use shadersDocumentationImages/ezeHairDiffuse.jpg>
Package pdftex.def Info: shadersDocumentationImages/ezeHairDiffuse.jpg used on 
input line 89.
(pdftex.def)             Requested size: 442.65074pt x 298.05148pt.
 [8 <C:/Users/Ezequiel Mastrasso/git/ezeShaderSuite/ezeDelight/ezeDelightDocume
ntation/shadersDocumentationImages/ezeHairDiffuse.jpg>] [9]
<shadersDocumentationImages/ezeHairDarkening.jpg, id=37, 756.8275pt x 580.1675p
t>
File: shadersDocumentationImages/ezeHairDarkening.jpg Graphic file (type jpg)
 <use shadersDocumentationImages/ezeHairDarkening.jpg>
Package pdftex.def Info: shadersDocumentationImages/ezeHairDarkening.jpg used o
n input line 135.
(pdftex.def)             Requested size: 401.11667pt x 307.48729pt.

<shadersDocumentationImages/ezeHairSpecularWet.jpg, id=38, 1324.95pt x 1011.78p
t>
File: shadersDocumentationImages/ezeHairSpecularWet.jpg Graphic file (type jpg)

 <use shadersDocumentationImages/ezeHairSpecularWet.jpg>
Package pdftex.def Info: shadersDocumentationImages/ezeHairSpecularWet.jpg used
 on input line 149.
(pdftex.def)             Requested size: 397.48807pt x 303.53633pt.

Underfull \vbox (badness 10000) has occurred while \output is active []

 [10 <C:/Users/Ezequiel Mastrasso/git/ezeShaderSuite/ezeDelight/ezeDelightDocum
entation/shadersDocumentationImages/ezeHairDarkening.jpg>]
Underfull \vbox (badness 2384) has occurred while \output is active []

 [11 <C:/Users/Ezequiel Mastrasso/git/ezeShaderSuite/ezeDelight/ezeDelightDocum
entation/shadersDocumentationImages/ezeHairSpecularWet.jpg>]
<shadersDocumentationImages/ezeHairAlpha.jpg, id=45, 641.39626pt x 319.1925pt>
File: shadersDocumentationImages/ezeHairAlpha.jpg Graphic file (type jpg)

<use shadersDocumentationImages/ezeHairAlpha.jpg>
Package pdftex.def Info: shadersDocumentationImages/ezeHairAlpha.jpg used on in
put line 185.
(pdftex.def)             Requested size: 404.08177pt x 201.09233pt.
 [12]
Underfull \vbox (badness 5119) has occurred while \output is active []

 [13 <C:/Users/Ezequiel Mastrasso/git/ezeShaderSuite/ezeDelight/ezeDelightDocum
entation/shadersDocumentationImages/ezeHairAlpha.jpg>]
Underfull \hbox (badness 10000) in paragraph at lines 214--222

 []


Underfull \hbox (badness 10000) in paragraph at lines 214--222

 []

[14]
 3.
<shadersDocumentationImages/ezeDisplace.jpg, id=56, 846.16125pt x 692.5875pt>
File: shadersDocumentationImages/ezeDisplace.jpg Graphic file (type jpg)

<use shadersDocumentationImages/ezeDisplace.jpg>
Package pdftex.def Info: shadersDocumentationImages/ezeDisplace.jpg used on inp
ut line 229.
(pdftex.def)             Requested size: 363.84225pt x 297.80681pt.

Underfull \vbox (badness 10000) has occurred while \output is active []

 [15

 <C:/Users/Ezequiel Mastrasso/git/ezeShaderSuite/ezeDelight/ezeDelightDocumenta
tion/shadersDocumentationImages/ezeDisplace.jpg>]
Underfull \hbox (badness 10000) in paragraph at lines 250--255

 []

[16]
 4.

Underfull \hbox (badness 10000) in paragraph at lines 276--281

 []

[17

] [18]
 5.
<shadersDocumentationImages/ezeUbberWide.jpg, id=72, 995.72pt x 646.415pt>
File: shadersDocumentationImages/ezeUbberWide.jpg Graphic file (type jpg)

<use shadersDocumentationImages/ezeUbberWide.jpg>
Package pdftex.def Info: shadersDocumentationImages/ezeUbberWide.jpg used on in
put line 287.
(pdftex.def)             Requested size: 428.15126pt x 277.95303pt.

<shadersDocumentationImages/ezeUbberParameters.jpg, id=73, 1979.395pt x 1381.16
pt>
File: shadersDocumentationImages/ezeUbberParameters.jpg Graphic file (type jpg)

 <use shadersDocumentationImages/ezeUbberParameters.jpg>
Package pdftex.def Info: shadersDocumentationImages/ezeUbberParameters.jpg used
 on input line 295.
(pdftex.def)             Requested size: 395.872pt x 276.2271pt.

Underfull \vbox (badness 10000) has occurred while \output is active []

 [19

 <C:/Users/Ezequiel Mastrasso/git/ezeShaderSuite/ezeDelight/ezeDelightDocumenta
tion/shadersDocumentationImages/ezeUbberWide.jpg>]
Underfull \hbox (badness 10000) in paragraph at lines 304--311

 []


Underfull \hbox (badness 10000) in paragraph at lines 304--311

 []

[20 <C:/Users/Ezequiel Mastrasso/git/ezeShaderSuite/ezeDelight/ezeDelightDocume
ntation/shadersDocumentationImages/ezeUbberParameters.jpg>]
Overfull \hbox (15.24023pt too wide) in paragraph at lines 334--337
\OT1/cmr/m/n/12 the dis-tance at which the in-ci-dent en-ergy is ac-tu-ally equ
al to in-ten-sity*lightcolor. 
 []

[21] [22] [23] [24] [25] [26] [27]
 6.
[28

] [29]
 7.
LaTeX Font Info:    External font `cmex10' loaded for size
(Font)              <7> on input line 518.
LaTeX Font Info:    External font `cmex10' loaded for size
(Font)              <5> on input line 518.
Missing character: There is no ‚ in font cmr10!
Missing character: There is no Ä in font cmr10!
Missing character: There is no ¢ in font cmr10!
Missing character: There is no ‚ in font cmr10!
Missing character: There is no Ä in font cmr10!
Missing character: There is no ¢ in font cmr10!

Underfull \hbox (badness 10000) in paragraph at lines 530--530

 []


Overfull \hbox (8.72548pt too wide) in paragraph at lines 518--534
[][] 
 []


Underfull \hbox (badness 10000) in paragraph at lines 542--542

 []

Missing character: There is no ‚ in font cmr10!
Missing character: There is no Ä in font cmr10!
Missing character: There is no ¢ in font cmr10!

Underfull \hbox (badness 10000) in paragraph at lines 555--555

 []


Overfull \hbox (47.05557pt too wide) in paragraph at lines 539--560
[]
 []


Underfull \vbox (badness 10000) has occurred while \output is active []

 [30

]
Missing character: There is no ‚ in font cmr10!
Missing character: There is no Ä in font cmr10!
Missing character: There is no ¢ in font cmr10!

Underfull \hbox (badness 10000) in paragraph at lines 585--585

 []


Overfull \hbox (47.05557pt too wide) in paragraph at lines 567--590
[]
 []

Missing character: There is no ‚ in font cmr10!
Missing character: There is no Ä in font cmr10!
Missing character: There is no ¢ in font cmr10!
Missing character: There is no ‚ in font cmr10!
Missing character: There is no Ä in font cmr10!
Missing character: There is no ¢ in font cmr10!
Missing character: There is no ‚ in font cmr10!
Missing character: There is no Ä in font cmr10!
Missing character: There is no ¢ in font cmr10!

Overfull \hbox (36.19795pt too wide) in paragraph at lines 595--618
[] 
 []

[31]
 8.

Overfull \hbox (68.30652pt too wide) in paragraph at lines 623--625
\OT1/cmr/m/n/10 http://www.creativecrash.com/maya/downloads/scripts-plugins/ren
dering/renderman/c/uberlighthelper 
 []


Underfull \hbox (badness 10000) in paragraph at lines 629--630

 []

Missing character: There is no ‚ in font cmr10!
Missing character: There is no Ä in font cmr10!
Missing character: There is no ò in font cmr10!
Missing character: There is no ‚ in font cmr10!
Missing character: There is no Ä in font cmr10!
Missing character: There is no ô in font cmr10!
Missing character: There is no ‚ in font cmr10!
Missing character: There is no Ä in font cmr10!
Missing character: There is no ¢ in font cmr10!
LaTeX Font Info:    Try loading font information for OML+cmr on input line 638.

("C:\Program Files (x86)\MiKTeX 2.9\tex\latex\base\omlcmr.fd"
File: omlcmr.fd 1999/05/25 v2.5h Standard LaTeX font definitions
)
LaTeX Font Info:    Font shape `OML/cmr/m/n' in size <10> not available
(Font)              Font shape `OML/cmm/m/it' tried instead on input line 638.
Missing character: There is no ‚ in font cmr10!
Missing character: There is no Ä in font cmr10!
Missing character: There is no ¢ in font cmr10!
Missing character: There is no ‚ in font cmr10!
Missing character: There is no Ä in font cmr10!
Missing character: There is no ¢ in font cmr10!

Overfull \hbox (108.57008pt too wide) in paragraph at lines 631--646
[][] 
 []

[32

]
Underfull \hbox (badness 10000) in paragraph at lines 651--655

 []


Underfull \hbox (badness 10000) in paragraph at lines 657--658

 []


Underfull \hbox (badness 10000) in paragraph at lines 658--659

 []


Underfull \hbox (badness 10000) in paragraph at lines 659--662

 []


Underfull \hbox (badness 10000) in paragraph at lines 663--664

 []

[33

]
("C:\Users\Ezequiel Mastrasso\git\ezeShaderSuite\ezeDelight\ezeDelightDocumenta
tion\ezeShaderSuiteDocs.aux") ) 
Here is how much of TeX's memory you used:
 1247 strings out of 494045
 18849 string characters out of 3145930
 68375 words of memory out of 3000000
 4564 multiletter control sequences out of 15000+200000
 8500 words of font info for 30 fonts, out of 3000000 for 9000
 715 hyphenation exceptions out of 8191
 27i,8n,21p,678b,161s stack positions out of 5000i,500n,10000p,200000b,50000s
<C:/Program Files (x86)/MiKTeX 2.9/fonts/type1/p
ublic/amsfonts/cm/cmbx12.pfb><C:/Program Files (x86)/MiKTeX 2.9/fonts/type1/pub
lic/amsfonts/cm/cmmi10.pfb><C:/Program Files (x86)/MiKTeX 2.9/fonts/type1/publi
c/amsfonts/cm/cmmi8.pfb><C:/Program Files (x86)/MiKTeX 2.9/fonts/type1/public/a
msfonts/cm/cmr10.pfb><C:/Program Files (x86)/MiKTeX 2.9/fonts/type1/public/amsf
onts/cm/cmr12.pfb><C:/Program Files (x86)/MiKTeX 2.9/fonts/type1/public/amsfont
s/cm/cmr8.pfb><C:/Program Files (x86)/MiKTeX 2.9/fonts/type1/public/amsfonts/cm
/cmsy10.pfb>
Output written on ezeShaderSuiteDocs.pdf (33 pages, 2400101 bytes).
PDF statistics:
 147 PDF objects out of 1000 (max. 8388607)
 0 named destinations out of 1000 (max. 500000)
 56 words of extra memory for PDF output out of 10000 (max. 10000000)

